 PATH path12 FOUND 
SVG scale factor = 1.000000
SVG offset = 0.000000,0.000000
POLYGON  0)
Move (rel)	raw = 19.33,13.38	coord = 19.33,13.38
curve (rel)	raw = -0.25,-0.11	coord = 19.08,13.27
	raw = -0.01,-0.01	coord = 19.07,13.25
	raw = -0.00,-0.04	coord = 19.06,13.21
	raw = 0.05,-0.13	coord = 19.11,13.08
	raw = 0.03,-0.06	coord = 19.14,13.02
	raw = 0.06,-0.11	coord = 19.20,12.91
	raw = 0.06,-0.11	coord = 19.27,12.80
	raw = 0.00,0.00	coord = 19.27,12.80
	raw = 0.03,0.01	coord = 19.30,12.81
	raw = 0.06,0.03	coord = 19.36,12.84
	raw = 0.10,0.06	coord = 19.46,12.90
	raw = 0.19,0.08	coord = 19.66,12.98
	raw = 0.32,0.08	coord = 19.97,13.06
	raw = 0.10,0.00	coord = 20.07,13.06
	raw = 0.13,-0.00	coord = 20.20,13.05
	raw = 0.18,-0.03	coord = 20.38,13.02
	raw = 0.07,-0.04	coord = 20.45,12.98
	raw = 0.11,-0.11	coord = 20.57,12.88
	raw = 0.13,-0.21	coord = 20.70,12.66
Line (rel)	raw = 0.01,-0.06	coord = 20.71,12.60
	raw = -0.03,0.03	coord = 20.68,12.63
curve (rel)	raw = -0.09,0.06	coord = 20.59,12.68
	raw = -0.05,0.03	coord = 20.54,12.71
	raw = -0.08,0.03	coord = 20.46,12.74
	raw = -0.22,0.03	coord = 20.24,12.77
	raw = -0.15,0.00	coord = 20.09,12.77
	raw = -0.17,-0.00	coord = 19.92,12.77
	raw = -0.24,-0.03	coord = 19.69,12.74
	raw = -0.04,-0.02	coord = 19.65,12.72
	raw = -0.11,-0.06	coord = 19.54,12.65
	raw = -0.14,-0.10	coord = 19.40,12.55
	raw = -0.21,-0.20	coord = 19.18,12.35
	raw = -0.21,-0.55	coord = 18.97,11.80
	raw = 0.00,-0.75	coord = 18.97,11.04
	raw = 0.04,-0.04	coord = 19.01,11.01
	raw = 0.10,-0.08	coord = 19.11,10.93
	raw = 0.14,-0.10	coord = 19.25,10.83
	raw = 0.07,-0.03	coord = 19.32,10.79
	raw = 0.09,-0.03	coord = 19.41,10.76
	raw = 0.24,-0.03	coord = 19.65,10.72
	raw = 0.18,0.00	coord = 19.82,10.72
	raw = 0.21,0.01	coord = 20.04,10.74
	raw = 0.31,0.09	coord = 20.35,10.83
Line (rel)	raw = 0.04,0.03	coord = 20.39,10.86
Vert (rel)	raw = 0.00,-0.06	coord = 20.39,10.80
	raw = -0.06,0.00	coord = 20.33,10.80
Horz (rel)	raw = 0.15,0.00	coord = 20.48,10.80
	raw = 0.15,0.00	coord = 20.63,10.80
Line (rel)	raw = -0.00,0.55	coord = 20.62,11.35
curve (rel)	raw = -0.03,0.62	coord = 20.59,11.97
	raw = -0.06,0.14	coord = 20.53,12.11
	raw = -0.18,0.25	coord = 20.35,12.36
	raw = -0.35,0.29	coord = 20.00,12.65
	raw = -0.09,0.03	coord = 19.91,12.68
	raw = -0.37,0.02	coord = 19.54,12.70
	raw = -0.48,-0.01	coord = 19.06,12.69
End polygon at 19.33,13.38


Object origin:
0.867597 1.327335

Eagle Command:
set wire_bend 2;
change layer tNames;
set width 0.000500;
poly (R -0.509573 -1.327335) (R -0.760074 -1.216604) (R -0.771834 -1.202434) (R -0.773834 -1.160444) (R -0.728584 -1.030996) (R -0.695454 -0.969726) (R -0.633564 -0.858330) (R -0.569654 -0.746934) (R -0.567654 -0.746934) (R -0.538424 -0.760874) (R -0.477974 -0.791844) (R -0.374370 -0.848344) (R -0.182387 -0.926884) (R 0.134231 -1.005824) (R 0.234161 -1.006149) (R 0.360747 -1.001749) (R 0.542392 -0.969419) (R 0.616532 -0.931829) (R 0.731518 -0.826403) (R 0.859697 -0.613512) (R 0.867597 -0.549552) (R 0.838337 -0.576362) (R 0.750687 -0.633832) (R 0.698357 -0.661312) (R 0.623147 -0.691972) (R 0.402577 -0.722632) (R 0.253546 -0.722632) (R 0.085310 -0.719832) (R -0.151512 -0.684852) (R -0.192562 -0.665612) (R -0.298305 -0.601212) (R -0.442065 -0.500862) (R -0.654831 -0.299637) (R -0.867597 0.253481) (R -0.867597 1.007824) (R -0.829577 1.043774) (R -0.726869 1.124884) (R -0.583109 1.225235) (R -0.514519 1.257375) (R -0.426729 1.292355) (R -0.189907 1.327335) (R -0.014498 1.327335) (R 0.200457 1.315665) (R 0.510118 1.224305) (R 0.550778 1.190095) (R 0.550778 1.249635) (R 0.491238 1.249635) (R 0.641098 1.249635) (R 0.790960 1.249635) (R 0.787060 0.701454) (R 0.753270 0.079297) (R 0.696460 -0.061458) (R 0.512423 -0.309152) (R 0.166080 -0.600265) (R 0.071560 -0.625555) (R -0.295045 -0.646875) (R -0.776939 -0.639875) (R -0.509573 -1.327335);

